  Block.cpp
d:\program files (data)\win\users\student\desktop\gp2\hae_gp2_qlejuez\6- cours 09-11-2021 - copie\consoleapplication1\consoleapplication1\consoleapplication1\block.cpp(6): warning C4244: 'argument' : conversion de 'int' en 'T', perte possible de données
          with
          [
              T=float
          ]
d:\program files (data)\win\users\student\desktop\gp2\hae_gp2_qlejuez\6- cours 09-11-2021 - copie\consoleapplication1\consoleapplication1\consoleapplication1\block.cpp(10): warning C4244: 'argument' : conversion de 'int' en 'T', perte possible de données
          with
          [
              T=float
          ]
  Bullet.cpp
  ConsoleApplication1.cpp
d:\program files (data)\win\users\student\desktop\gp2\hae_gp2_qlejuez\6- cours 09-11-2021 - copie\consoleapplication1\consoleapplication1\consoleapplication1\consoleapplication1.cpp(49): warning C4244: 'argument' : conversion de 'T' en 'float', perte possible de données
          with
          [
              T=int
          ]
d:\program files (data)\win\users\student\desktop\gp2\hae_gp2_qlejuez\6- cours 09-11-2021 - copie\consoleapplication1\consoleapplication1\consoleapplication1\consoleapplication1.cpp(29): warning C4101: 'block' : variable locale non référencée
  Utility.cpp
  Génération de code en cours...
  ConsoleApplication1.vcxproj -> D:\Program files (Data)\Win\Users\Student\Desktop\GP2\hae_gp2_QLejuez\6- Cours 09-11-2021 - Copie\ConsoleApplication1\ConsoleApplication1\x64\Debug\ConsoleApplication1.exe
