C:\Program Files (x86)\Microsoft Visual Studio\2019\Community\MSBuild\Microsoft\VC\v160\Microsoft.CppBuild.targets(491,5): warning MSB8028: Le répertoire intermédiaire (x64\Debug\) contient des fichiers partagés provenant d'un autre projet (Cours04.vcxproj). Cela peut entraîner un comportement de nettoyage et de régénération incorrect.
  Cours05.cpp
D:\Program files (Data)\Win\Users\Student\Documents\GitHub\gae_gp2_HF\SFML_Cours04\Cours06_SFML\Cours04\Cours05.cpp(33,67): warning C4244: 'argument' : conversion de 'T' en 'T', perte possible de données
          with
          [
              T=unsigned int
          ]
          and
          [
              T=float
          ]
D:\Program files (Data)\Win\Users\Student\Documents\GitHub\gae_gp2_HF\SFML_Cours04\Cours06_SFML\Cours04\Cours05.cpp(33,47): warning C4244: 'argument' : conversion de 'T' en 'T', perte possible de données
          with
          [
              T=unsigned int
          ]
          and
          [
              T=float
          ]
D:\Program files (Data)\Win\Users\Student\Documents\GitHub\gae_gp2_HF\SFML_Cours04\Cours06_SFML\Cours04\Cours05.cpp(34,76): warning C4244: 'argument' : conversion de 'T' en 'T', perte possible de données
          with
          [
              T=unsigned int
          ]
          and
          [
              T=float
          ]
D:\Program files (Data)\Win\Users\Student\Documents\GitHub\gae_gp2_HF\SFML_Cours04\Cours06_SFML\Cours04\Cours05.cpp(34,52): warning C4244: 'argument' : conversion de 'T' en 'T', perte possible de données
          with
          [
              T=unsigned int
          ]
          and
          [
              T=float
          ]
D:\Program files (Data)\Win\Users\Student\Documents\GitHub\gae_gp2_HF\SFML_Cours04\Cours06_SFML\Cours04\Cours05.cpp(52,99): warning C4244: 'argument' : conversion de 'int' en 'float', perte possible de données
D:\Program files (Data)\Win\Users\Student\Documents\GitHub\gae_gp2_HF\SFML_Cours04\Cours06_SFML\Cours04\Cours05.cpp(53,97): warning C4244: 'argument' : conversion de 'int' en 'float', perte possible de données
D:\Program files (Data)\Win\Users\Student\Documents\GitHub\gae_gp2_HF\SFML_Cours04\Cours06_SFML\Cours04\Cours05.cpp(79,50): warning C4390: ';' : une instruction contrôlée a été trouvée vide ; est-ce ce que vous souhaitiez ?
  Cours04.vcxproj -> D:\Program files (Data)\Win\Users\Student\Documents\GitHub\gae_gp2_HF\SFML_Cours04\Cours06_SFML\x64\Debug\Cours05.exe
