C:\Program Files (x86)\Microsoft Visual Studio\2019\Community\MSBuild\Microsoft\VC\v160\Microsoft.CppBuild.targets(491,5): warning MSB8028: Le répertoire intermédiaire (x64\Debug\) contient des fichiers partagés provenant d'un autre projet (Cours04.vcxproj). Cela peut entraîner un comportement de nettoyage et de régénération incorrect.
  Cours05.cpp
D:\Program files (Data)\Win\Users\Student\Documents\GitHub\gae_gp2_HF\SFML_Cours04\Cours07_SFML\Cours04\Cours05.cpp(38,67): warning C4244: 'argument' : conversion de 'T' en 'T', perte possible de données
          with
          [
              T=unsigned int
          ]
          and
          [
              T=float
          ]
D:\Program files (Data)\Win\Users\Student\Documents\GitHub\gae_gp2_HF\SFML_Cours04\Cours07_SFML\Cours04\Cours05.cpp(38,47): warning C4244: 'argument' : conversion de 'T' en 'T', perte possible de données
          with
          [
              T=unsigned int
          ]
          and
          [
              T=float
          ]
D:\Program files (Data)\Win\Users\Student\Documents\GitHub\gae_gp2_HF\SFML_Cours04\Cours07_SFML\Cours04\Cours05.cpp(39,76): warning C4244: 'argument' : conversion de 'T' en 'T', perte possible de données
          with
          [
              T=unsigned int
          ]
          and
          [
              T=float
          ]
D:\Program files (Data)\Win\Users\Student\Documents\GitHub\gae_gp2_HF\SFML_Cours04\Cours07_SFML\Cours04\Cours05.cpp(39,52): warning C4244: 'argument' : conversion de 'T' en 'T', perte possible de données
          with
          [
              T=unsigned int
          ]
          and
          [
              T=float
          ]
D:\Program files (Data)\Win\Users\Student\Documents\GitHub\gae_gp2_HF\SFML_Cours04\Cours07_SFML\Cours04\Cours05.cpp(49,48): warning C4244: 'argument' : conversion de 'double' en 'float', perte possible de données
  Cours04.vcxproj -> D:\Program files (Data)\Win\Users\Student\Documents\GitHub\gae_gp2_HF\SFML_Cours04\Cours07_SFML\x64\Debug\Cours05.exe
