  Block.cpp
c:\users\quaqu\desktop\cash defender\pinball\hae_gp2_qlejuez\projet fin semestre\consoleapplication1\consoleapplication1\consoleapplication1\block.cpp(6): warning C4244: 'argument' : conversion de 'int' en 'T', perte possible de données
          with
          [
              T=float
          ]
c:\users\quaqu\desktop\cash defender\pinball\hae_gp2_qlejuez\projet fin semestre\consoleapplication1\consoleapplication1\consoleapplication1\block.cpp(10): warning C4244: 'argument' : conversion de 'int' en 'T', perte possible de données
          with
          [
              T=float
          ]
  Bullet.cpp
  CommandList.cpp
  ConsoleApplication1.cpp
c:\users\quaqu\desktop\cash defender\pinball\hae_gp2_qlejuez\projet fin semestre\consoleapplication1\consoleapplication1\consoleapplication1\consoleapplication1.cpp(70): warning C4244: 'argument' : conversion de 'T' en 'float', perte possible de données
          with
          [
              T=int
          ]
c:\users\quaqu\desktop\cash defender\pinball\hae_gp2_qlejuez\projet fin semestre\consoleapplication1\consoleapplication1\consoleapplication1\consoleapplication1.cpp(39): warning C4930: 'sf::Sprite character(void)' : fonction prototypée non appelée (était-ce la définition de variable souhaitée ?)
  imgui-SFML.cpp
  imgui.cpp
  imgui_draw.cpp
  imgui_tables.cpp
  imgui_widgets.cpp
  turtle.cpp
c:\users\quaqu\desktop\cash defender\pinball\hae_gp2_qlejuez\projet fin semestre\consoleapplication1\consoleapplication1\consoleapplication1\turtle.cpp(97): warning C4477: 'printf' : la chaîne de format '%i' nécessite un argument de type 'int', mais l'argument variadique 2 est de type 'double'
  Utility.cpp
  Génération de code en cours...
  ConsoleApplication1.vcxproj -> C:\Users\Quaqu\Desktop\Cash Defender\Pinball\hae_gp2_QLejuez\Projet Fin Semestre\ConsoleApplication1\ConsoleApplication1\x64\Debug\ConsoleApplication1.exe
