  ConsoleApplication1.cpp
c:\users\quaqu\desktop\cash defender\pinball\hae_gp2_qlejuez\5- cours 09-11-2021\consoleapplication1\consoleapplication1\consoleapplication1\consoleapplication1.cpp(175): warning C4244: 'initialisation' : conversion de 'int' en 'float', perte possible de données
c:\users\quaqu\desktop\cash defender\pinball\hae_gp2_qlejuez\5- cours 09-11-2021\consoleapplication1\consoleapplication1\consoleapplication1\consoleapplication1.cpp(178): warning C4244: 'initialisation' : conversion de 'int' en 'float', perte possible de données
c:\users\quaqu\desktop\cash defender\pinball\hae_gp2_qlejuez\5- cours 09-11-2021\consoleapplication1\consoleapplication1\consoleapplication1\consoleapplication1.cpp(220): warning C4244: '*=' : conversion de 'double' en 'int', perte possible de données
c:\users\quaqu\desktop\cash defender\pinball\hae_gp2_qlejuez\5- cours 09-11-2021\consoleapplication1\consoleapplication1\consoleapplication1\consoleapplication1.cpp(227): warning C4244: 'argument' : conversion de 'T' en 'float', perte possible de données
          with
          [
              T=int
          ]
c:\users\quaqu\desktop\cash defender\pinball\hae_gp2_qlejuez\5- cours 09-11-2021\consoleapplication1\consoleapplication1\consoleapplication1\consoleapplication1.cpp(288): warning C4244: 'initialisation' : conversion de 'double' en 'float', perte possible de données
c:\users\quaqu\desktop\cash defender\pinball\hae_gp2_qlejuez\5- cours 09-11-2021\consoleapplication1\consoleapplication1\consoleapplication1\consoleapplication1.cpp(323): warning C4244: 'argument' : conversion de 'int' en 'float', perte possible de données
c:\users\quaqu\desktop\cash defender\pinball\hae_gp2_qlejuez\5- cours 09-11-2021\consoleapplication1\consoleapplication1\consoleapplication1\consoleapplication1.cpp(328): warning C4305: '-=' : troncation de 'double' à 'float'
c:\users\quaqu\desktop\cash defender\pinball\hae_gp2_qlejuez\5- cours 09-11-2021\consoleapplication1\consoleapplication1\consoleapplication1\consoleapplication1.cpp(344): warning C4244: 'initialisation' : conversion de 'double' en 'float', perte possible de données
c:\users\quaqu\desktop\cash defender\pinball\hae_gp2_qlejuez\5- cours 09-11-2021\consoleapplication1\consoleapplication1\consoleapplication1\consoleapplication1.cpp(202): warning C4101: 'numstr' : variable locale non référencée
  Génération de code en cours
  1 of 132 functions ( 0.8%) were compiled, the rest were copied from previous compilation.
    0 functions were new in current compilation
    0 functions had inline decision re-evaluated but remain unchanged
  Fin de la génération du code
  ConsoleApplication1.vcxproj -> C:\Users\Quaqu\Desktop\Cash Defender\Pinball\hae_gp2_QLejuez\5- Cours 09-11-2021\ConsoleApplication1\ConsoleApplication1\x64\Release\ConsoleApplication1.exe
