  ConsoleApplication1.cpp
d:\programmes(data)\windows\bureau\cours\hae_gp2_qlejuez\5 - cours 09-11-2021\consoleapplication1\consoleapplication1\consoleapplication1\consoleapplication1.cpp(19): warning C4244: 'argument' : conversion de 'T' en 'T', perte possible de données
          with
          [
              T=unsigned int
          ]
          and
          [
              T=float
          ]
d:\programmes(data)\windows\bureau\cours\hae_gp2_qlejuez\5 - cours 09-11-2021\consoleapplication1\consoleapplication1\consoleapplication1\consoleapplication1.cpp(65): warning C4244: 'argument' : conversion de 'T' en 'T', perte possible de données
          with
          [
              T=unsigned int
          ]
          and
          [
              T=float
          ]
  ConsoleApplication1.vcxproj -> D:\Programmes(DATA)\Windows\Bureau\Cours\hae_gp2_QLejuez\5 - Cours 09-11-2021\ConsoleApplication1\ConsoleApplication1\x64\Debug\ConsoleApplication1.exe
