  ConsoleApplication1.cpp
d:\programmes(data)\windows\bureau\cours\hae_gp2_qlejuez\5- vrai\consoleapplication1\consoleapplication1\consoleapplication1\consoleapplication1.cpp(30): warning C4244: 'argument' : conversion de 'T' en 'T', perte possible de données
          with
          [
              T=unsigned int
          ]
          and
          [
              T=float
          ]
d:\programmes(data)\windows\bureau\cours\hae_gp2_qlejuez\5- vrai\consoleapplication1\consoleapplication1\consoleapplication1\consoleapplication1.cpp(76): warning C4244: 'argument' : conversion de 'T' en 'T', perte possible de données
          with
          [
              T=unsigned int
          ]
          and
          [
              T=float
          ]
d:\programmes(data)\windows\bureau\cours\hae_gp2_qlejuez\5- vrai\consoleapplication1\consoleapplication1\consoleapplication1\consoleapplication1.cpp(148): warning C4244: 'argument' : conversion de 'T' en 'float', perte possible de données
          with
          [
              T=int
          ]
d:\programmes(data)\windows\bureau\cours\hae_gp2_qlejuez\5- vrai\consoleapplication1\consoleapplication1\consoleapplication1\consoleapplication1.cpp(181): warning C4244: 'initialisation' : conversion de 'double' en 'float', perte possible de données
d:\programmes(data)\windows\bureau\cours\hae_gp2_qlejuez\5- vrai\consoleapplication1\consoleapplication1\consoleapplication1\consoleapplication1.cpp(202): warning C4244: 'initialisation' : conversion de 'double' en 'float', perte possible de données
  ConsoleApplication1.vcxproj -> D:\Programmes(DATA)\Windows\Bureau\Cours\hae_gp2_QLejuez\5- Vrai\ConsoleApplication1\ConsoleApplication1\x64\Debug\ConsoleApplication1.exe
