  ConsoleApplication1.cpp
c:\users\quaqu\desktop\cash defender\pinball\hae_gp2_qlejuez\5- vrai\consoleapplication1\consoleapplication1\consoleapplication1\consoleapplication1.cpp(32): warning C4244: 'argument' : conversion de 'T' en 'T', perte possible de données
          with
          [
              T=unsigned int
          ]
          and
          [
              T=float
          ]
c:\users\quaqu\desktop\cash defender\pinball\hae_gp2_qlejuez\5- vrai\consoleapplication1\consoleapplication1\consoleapplication1\consoleapplication1.cpp(78): warning C4244: 'argument' : conversion de 'T' en 'T', perte possible de données
          with
          [
              T=unsigned int
          ]
          and
          [
              T=float
          ]
c:\users\quaqu\desktop\cash defender\pinball\hae_gp2_qlejuez\5- vrai\consoleapplication1\consoleapplication1\consoleapplication1\consoleapplication1.cpp(90): warning C4244: 'initialisation' : conversion de 'int' en 'float', perte possible de données
c:\users\quaqu\desktop\cash defender\pinball\hae_gp2_qlejuez\5- vrai\consoleapplication1\consoleapplication1\consoleapplication1\consoleapplication1.cpp(93): warning C4244: 'initialisation' : conversion de 'int' en 'float', perte possible de données
c:\users\quaqu\desktop\cash defender\pinball\hae_gp2_qlejuez\5- vrai\consoleapplication1\consoleapplication1\consoleapplication1\consoleapplication1.cpp(168): warning C4244: 'argument' : conversion de 'T' en 'float', perte possible de données
          with
          [
              T=int
          ]
c:\users\quaqu\desktop\cash defender\pinball\hae_gp2_qlejuez\5- vrai\consoleapplication1\consoleapplication1\consoleapplication1\consoleapplication1.cpp(205): warning C4244: 'initialisation' : conversion de 'double' en 'float', perte possible de données
c:\users\quaqu\desktop\cash defender\pinball\hae_gp2_qlejuez\5- vrai\consoleapplication1\consoleapplication1\consoleapplication1\consoleapplication1.cpp(211): warning C4244: '*=' : conversion de 'double' en 'int', perte possible de données
c:\users\quaqu\desktop\cash defender\pinball\hae_gp2_qlejuez\5- vrai\consoleapplication1\consoleapplication1\consoleapplication1\consoleapplication1.cpp(217): warning C4244: '*=' : conversion de 'double' en 'int', perte possible de données
c:\users\quaqu\desktop\cash defender\pinball\hae_gp2_qlejuez\5- vrai\consoleapplication1\consoleapplication1\consoleapplication1\consoleapplication1.cpp(228): warning C4244: 'initialisation' : conversion de 'double' en 'float', perte possible de données
  ConsoleApplication1.vcxproj -> C:\Users\Quaqu\Desktop\Cash Defender\Pinball\hae_gp2_QLejuez\5- Vrai\ConsoleApplication1\ConsoleApplication1\x64\Debug\ConsoleApplication1.exe
