  ConsoleApplication1.cpp
d:\programmes(data)\windows\bureau\cours\hae_gp2_qlejuez\4 - cours 04-11-2021 - copie\consoleapplication1\consoleapplication1\consoleapplication1\consoleapplication1.cpp(25): warning C4244: 'argument' : conversion de 'T' en 'T', perte possible de données
          with
          [
              T=unsigned int
          ]
          and
          [
              T=float
          ]
d:\programmes(data)\windows\bureau\cours\hae_gp2_qlejuez\4 - cours 04-11-2021 - copie\consoleapplication1\consoleapplication1\consoleapplication1\consoleapplication1.cpp(71): warning C4244: 'argument' : conversion de 'T' en 'T', perte possible de données
          with
          [
              T=unsigned int
          ]
          and
          [
              T=float
          ]
d:\programmes(data)\windows\bureau\cours\hae_gp2_qlejuez\4 - cours 04-11-2021 - copie\consoleapplication1\consoleapplication1\consoleapplication1\consoleapplication1.cpp(153): warning C4244: 'argument' : conversion de 'T' en 'float', perte possible de données
          with
          [
              T=int
          ]
d:\programmes(data)\windows\bureau\cours\hae_gp2_qlejuez\4 - cours 04-11-2021 - copie\consoleapplication1\consoleapplication1\consoleapplication1\consoleapplication1.cpp(188): warning C4244: 'initialisation' : conversion de 'double' en 'float', perte possible de données
d:\programmes(data)\windows\bureau\cours\hae_gp2_qlejuez\4 - cours 04-11-2021 - copie\consoleapplication1\consoleapplication1\consoleapplication1\consoleapplication1.cpp(200): warning C4244: 'initialisation' : conversion de 'double' en 'float', perte possible de données
  ConsoleApplication1.vcxproj -> D:\Programmes(DATA)\Windows\Bureau\Cours\hae_gp2_QLejuez\4 - Cours 04-11-2021 - Copie\ConsoleApplication1\ConsoleApplication1\x64\Debug\ConsoleApplication1.exe
